# JRE version: Java(TM) SE Runtime Environment (8.0_171-b11) (build 1.8.0_171-b11)
# Java VM: Java HotSpot(TM) 64-Bit Server VM (25.171-b11 mixed mode bsd-amd64 compressed oops)
Heap:
 PSYoungGen      total 76288K, used 2458K [0x000000076ab00000, 0x0000000770000000, 0x00000007c0000000)
  eden space 65536K, 3% used [0x000000076ab00000,0x000000076ad66900,0x000000076eb00000)
  from space 10752K, 0% used [0x000000076eb00000,0x000000076eb00000,0x000000076f580000)
  to   space 10752K, 0% used [0x000000076f580000,0x000000076f580000,0x0000000770000000)
 ParOldGen       total 86528K, used 12948K [0x00000006c0000000, 0x00000006c5480000, 0x000000076ab00000)
  object space 86528K, 14% used [0x00000006c0000000,0x00000006c0ca52d0,0x00000006c5480000)
 Metaspace       used 19805K, capacity 21178K, committed 21504K, reserved 1067008K
  class space    used 2935K, capacity 3215K, committed 3328K, reserved 1048576K
GC Heap History (4 events):
Event: 8.694 GC heap before
{Heap before GC invocations=1 (full 0):
 PSYoungGen      total 76288K, used 63028K [0x000000076ab00000, 0x0000000770000000, 0x00000007c0000000)
  eden space 65536K, 96% used [0x000000076ab00000,0x000000076e88d240,0x000000076eb00000)
  from space 10752K, 0% used [0x000000076f580000,0x000000076f580000,0x0000000770000000)
  to   space 10752K, 0% used [0x000000076eb00000,0x000000076eb00000,0x000000076f580000)
 ParOldGen       total 175104K, used 0K [0x00000006c0000000, 0x00000006cab00000, 0x000000076ab00000)
  object space 175104K, 0% used [0x00000006c0000000,0x00000006c0000000,0x00000006cab00000)
 Metaspace       used 19778K, capacity 21110K, committed 21248K, reserved 1067008K
  class space    used 2935K, capacity 3215K, committed 3328K, reserved 1048576K
Event: 8.707 GC heap after
Heap after GC invocations=1 (full 0):
 PSYoungGen      total 76288K, used 9222K [0x000000076ab00000, 0x0000000770000000, 0x00000007c0000000)
  eden space 65536K, 0% used [0x000000076ab00000,0x000000076ab00000,0x000000076eb00000)
  from space 10752K, 85% used [0x000000076eb00000,0x000000076f401910,0x000000076f580000)
  to   space 10752K, 0% used [0x000000076f580000,0x000000076f580000,0x0000000770000000)
 ParOldGen       total 175104K, used 7640K [0x00000006c0000000, 0x00000006cab00000, 0x000000076ab00000)
  object space 175104K, 4% used [0x00000006c0000000,0x00000006c0776030,0x00000006cab00000)
 Metaspace       used 19778K, capacity 21110K, committed 21248K, reserved 1067008K
  class space    used 2935K, capacity 3215K, committed 3328K, reserved 1048576K
}
Event: 8.707 GC heap before
{Heap before GC invocations=2 (full 1):
 PSYoungGen      total 76288K, used 9222K [0x000000076ab00000, 0x0000000770000000, 0x00000007c0000000)
  eden space 65536K, 0% used [0x000000076ab00000,0x000000076ab00000,0x000000076eb00000)
  from space 10752K, 85% used [0x000000076eb00000,0x000000076f401910,0x000000076f580000)
  to   space 10752K, 0% used [0x000000076f580000,0x000000076f580000,0x0000000770000000)
 ParOldGen       total 175104K, used 7640K [0x00000006c0000000, 0x00000006cab00000, 0x000000076ab00000)
  object space 175104K, 4% used [0x00000006c0000000,0x00000006c0776030,0x00000006cab00000)
 Metaspace       used 19778K, capacity 21110K, committed 21248K, reserved 1067008K
  class space    used 2935K, capacity 3215K, committed 3328K, reserved 1048576K
Event: 8.745 GC heap after
Heap after GC invocations=2 (full 1):
 PSYoungGen      total 76288K, used 0K [0x000000076ab00000, 0x0000000770000000, 0x00000007c0000000)
  eden space 65536K, 0% used [0x000000076ab00000,0x000000076ab00000,0x000000076eb00000)
  from space 10752K, 0% used [0x000000076eb00000,0x000000076eb00000,0x000000076f580000)
  to   space 10752K, 0% used [0x000000076f580000,0x000000076f580000,0x0000000770000000)
 ParOldGen       total 86528K, used 12948K [0x00000006c0000000, 0x00000006c5480000, 0x000000076ab00000)
  object space 86528K, 14% used [0x00000006c0000000,0x00000006c0ca52d0,0x00000006c5480000)
 Metaspace       used 19778K, capacity 21110K, committed 21248K, reserved 1067008K
  class space    used 2935K, capacity 3215K, committed 3328K, reserved 1048576K
}

